<?xml version="1.0" encoding="UTF-8"?>
<!-- Generated by org.testng.reporters.JUnitXMLReporter -->
<testsuite ignored="3" hostname="LIN59016653" failures="0" tests="1" name="Test" time="0.215" errors="0" timestamp="2023-08-23T16:52:14 IST">
  <testcase classname="com.testpng.SecondTest" name="search" time="0.044"/>
  <testcase classname="com.testpng.SecondTest" name="log" time="0.0">
    <ignored/>
  </testcase> <!-- log -->
  <testcase classname="com.testpng.SecondTest" name="checkout" time="0.0">
    <ignored/>
  </testcase> <!-- checkout -->
  <testcase classname="com.testpng.SecondTest" name="addtocart" time="0.0">
    <ignored/>
  </testcase> <!-- addtocart -->
</testsuite> <!-- Test -->
